<?xml version="1.0" encoding="UTF-8"?>
<!-- Generated by org.testng.reporters.JUnitXMLReporter -->
<testsuite hostname="Venki" failures="0" tests="5" name="Default test" time="0.087" errors="0" timestamp="29 Apr 2022 04:28:58 GMT">
  <testcase classname="testCases.HomePageTest" name="@BeforeTest launchChrome" time="0.0">
    <failure type="org.testng.TestNGException" message="
Parameter &amp;apos;browser&amp;apos; is required by @Configuration on method launchChrome but has not been marked @Optional or defined
in C:\Users\Sai\AppData\Local\Temp\testng-eclipse--1633815003\testng-customsuite.xml">
      <![CDATA[org.testng.TestNGException: 
Parameter 'browser' is required by @Configuration on method launchChrome but has not been marked @Optional or defined
in C:\Users\Sai\AppData\Local\Temp\testng-eclipse--1633815003\testng-customsuite.xml
	at org.testng.internal.Parameters.createParameters(Parameters.java:148)
	at org.testng.internal.Parameters.createParameters(Parameters.java:361)
	at org.testng.internal.Parameters.createConfigurationParameters(Parameters.java:84)
	at org.testng.internal.Invoker.invokeConfigurations(Invoker.java:197)
	at org.testng.internal.Invoker.invokeConfigurations(Invoker.java:138)
	at org.testng.TestRunner.beforeRun(TestRunner.java:647)
	at org.testng.TestRunner.run(TestRunner.java:615)
	at org.testng.SuiteRunner.runTest(SuiteRunner.java:357)
	at org.testng.SuiteRunner.runSequentially(SuiteRunner.java:352)
	at org.testng.SuiteRunner.privateRun(SuiteRunner.java:310)
	at org.testng.SuiteRunner.run(SuiteRunner.java:259)
	at org.testng.SuiteRunnerWorker.runSuite(SuiteRunnerWorker.java:52)
	at org.testng.SuiteRunnerWorker.run(SuiteRunnerWorker.java:86)
	at org.testng.TestNG.runSuitesSequentially(TestNG.java:1185)
	at org.testng.TestNG.runSuitesLocally(TestNG.java:1110)
	at org.testng.TestNG.run(TestNG.java:1018)
	at org.testng.remote.AbstractRemoteTestNG.run(AbstractRemoteTestNG.java:115)
	at org.testng.remote.RemoteTestNG.initAndRun(RemoteTestNG.java:251)
	at org.testng.remote.RemoteTestNG.main(RemoteTestNG.java:77)
]]>
    </failure>
  </testcase> <!-- @BeforeTest launchChrome -->
  <testcase classname="testCases.HomePageTest" name="@AfterTest closeChrome" time="0.0">
    <skipped/>
  </testcase> <!-- @AfterTest closeChrome -->
  <testcase classname="testCases.HomePageTest" name="launchURL" time="0.008">
    <skipped/>
  </testcase> <!-- launchURL -->
  <testcase classname="testCases.HomePageTest" name="ItemsCount" time="0.002">
    <skipped/>
  </testcase> <!-- ItemsCount -->
  <testcase classname="testCases.HomePageTest" name="getItemsList" time="0.003">
    <skipped/>
  </testcase> <!-- getItemsList -->
  <testcase classname="testCases.HomePageTest" name="selectItem" time="0.0">
    <skipped/>
  </testcase> <!-- selectItem -->
  <testcase classname="testCases.HomePageTest" name="validateTitle" time="0.009">
    <skipped/>
  </testcase> <!-- validateTitle -->
</testsuite> <!-- Default test -->
